(---------------------------------------------------------------------)
(                                                                     )
(    Allegro Netrev Import Logic                                      )
(                                                                     )
(    Drawing          : lcdpower.brd                                  )
(    Software Version : 16.5P002                                      )
(    Date/Time        : Mon Jun 08 20:22:24 2015                      )
(                                                                     )
(---------------------------------------------------------------------)


------ Directives ------

RIPUP_ETCH FALSE;
RIPUP_DELETE_FIRST_SEGMENT FALSE;
RIPUP_RETAIN_BONDWIRE FALSE;
RIPUP_SYMBOLS ALWAYS;
Missing symbol has error FALSE;
SCHEMATIC_DIRECTORY 'D:/OneDrive/工作文件/项目开发/虚拟现实头盔/硬件设计/LCD测试板-改换方案/原理图/allegro';
BOARD_DIRECTORY '';
OLD_BOARD_NAME 'D:/OneDrive/工作文件/项目开发/虚拟现实头盔/硬件设计/LCD测试板-改换方案/PCB/lcdpower.brd';
NEW_BOARD_NAME 'D:/OneDrive/工作文件/项目开发/虚拟现实头盔/硬件设计/LCD测试板-改换方案/PCB/lcdpower.brd';

CmdLine: netrev -$ -i D:/OneDrive/工作文件/项目开发/虚拟现实头盔/硬件设计/LCD测试板-改换方案/原理图/allegro -y 1 D:/OneDrive/工作文件/项目开发/虚拟现实头盔/硬件设计/LCD测试板-改换方案/PCB/#Taaaaaa06356.tmp

------ Preparing to read pst files ------

Starting to read D:/OneDrive/工作文件/项目开发/虚拟现实头盔/硬件设计/LCD测试板-改换方案/原理图/allegro/pstchip.dat 
   Finished reading D:/OneDrive/工作文件/项目开发/虚拟现实头盔/硬件设计/LCD测试板-改换方案/原理图/allegro/pstchip.dat (00:00:00.04)
Starting to read D:/OneDrive/工作文件/项目开发/虚拟现实头盔/硬件设计/LCD测试板-改换方案/原理图/allegro/pstxprt.dat 
   Finished reading D:/OneDrive/工作文件/项目开发/虚拟现实头盔/硬件设计/LCD测试板-改换方案/原理图/allegro/pstxprt.dat (00:00:00.00)
Starting to read D:/OneDrive/工作文件/项目开发/虚拟现实头盔/硬件设计/LCD测试板-改换方案/原理图/allegro/pstxnet.dat 
   Finished reading D:/OneDrive/工作文件/项目开发/虚拟现实头盔/硬件设计/LCD测试板-改换方案/原理图/allegro/pstxnet.dat (00:00:00.00)

------ Oversights/Warnings/Errors ------


------ Library Paths ------
MODULEPATH =  . 
           C:/Cadence/SPB_16.5/share/local/pcb/modules 

PSMPATH =  D:\OneDrive\工作文件\git共用库\AllegroLib\PSMLib\ 

PADPATH =  D:\OneDrive\工作文件\git共用库\AllegroLib\PADLib\ 


------ Summary Statistics ------


netrev run on Jun 8 20:22:24 2015
   DESIGN NAME : 'LCDPOWER'
   PACKAGING ON Apr 21 2011 10:02:30

   COMPILE 'logic'
   CHECK_PIN_NAMES OFF
   CROSS_REFERENCE OFF
   FEEDBACK OFF
   INCREMENTAL OFF
   INTERFACE_TYPE PHYSICAL
   MAX_ERRORS 500
   MERGE_MINIMUM 5
   NET_NAME_CHARS '#%&()*+-./:=>?@[]^_`|'
   NET_NAME_LENGTH 24
   OVERSIGHTS ON
   REPLACE_CHECK OFF
   SINGLE_NODE_NETS ON
   SPLIT_MINIMUM 0
   SUPPRESS   20
   WARNINGS ON

 No error detected
 No oversight detected
 No warning detected

cpu time      0:00:25
elapsed time  0:00:00

