The system is: Linux - 2.6.32-131.0.15.el6.i686 - i686
Compiling the C compiler identification source file "CMakeCCompilerId.c" succeeded.
Compiler: /usr/bin/cc 
Build flags: 
Id flags: 

The output was:
0


Compilation of the C compiler identification source "CMakeCCompilerId.c" produced "a.out"

The C compiler identification is GNU, found in "/home/ssicss/workhome/tmp/min-cscope/obj/CMakeFiles/3.3.0-rc3/CompilerIdC/a.out"

Compiling the CXX compiler identification source file "CMakeCXXCompilerId.cpp" succeeded.
Compiler: /usr/bin/c++ 
Build flags: 
Id flags: 

The output was:
0


Compilation of the CXX compiler identification source "CMakeCXXCompilerId.cpp" produced "a.out"

The CXX compiler identification is GNU, found in "/home/ssicss/workhome/tmp/min-cscope/obj/CMakeFiles/3.3.0-rc3/CompilerIdCXX/a.out"

Determining if the C compiler works passed with the following output:
Change Dir: /home/ssicss/workhome/tmp/min-cscope/obj/CMakeFiles/CMakeTmp

Run Build Command:"/usr/bin/gmake" "cmTC_396ff/fast"
/usr/bin/gmake -f CMakeFiles/cmTC_396ff.dir/build.make CMakeFiles/cmTC_396ff.dir/build
gmake[1]: Entering directory `/home/ssicss/workhome/tmp/min-cscope/obj/CMakeFiles/CMakeTmp'
Building C object CMakeFiles/cmTC_396ff.dir/testCCompiler.c.o
/usr/bin/cc    -o CMakeFiles/cmTC_396ff.dir/testCCompiler.c.o   -c /home/ssicss/workhome/tmp/min-cscope/obj/CMakeFiles/CMakeTmp/testCCompiler.c
Linking C executable cmTC_396ff
/home/ssicss/workhome/tmp/cmake-3.3.0-rc3/bin/cmake -E cmake_link_script CMakeFiles/cmTC_396ff.dir/link.txt --verbose=1
/usr/bin/cc       CMakeFiles/cmTC_396ff.dir/testCCompiler.c.o  -o cmTC_396ff -rdynamic 
gmake[1]: Leaving directory `/home/ssicss/workhome/tmp/min-cscope/obj/CMakeFiles/CMakeTmp'


Detecting C compiler ABI info compiled with the following output:
Change Dir: /home/ssicss/workhome/tmp/min-cscope/obj/CMakeFiles/CMakeTmp

Run Build Command:"/usr/bin/gmake" "cmTC_f4d1e/fast"
/usr/bin/gmake -f CMakeFiles/cmTC_f4d1e.dir/build.make CMakeFiles/cmTC_f4d1e.dir/build
gmake[1]: Entering directory `/home/ssicss/workhome/tmp/min-cscope/obj/CMakeFiles/CMakeTmp'
Building C object CMakeFiles/cmTC_f4d1e.dir/CMakeCCompilerABI.c.o
/usr/bin/cc    -o CMakeFiles/cmTC_f4d1e.dir/CMakeCCompilerABI.c.o   -c /home/ssicss/workhome/tmp/cmake-3.3.0-rc3/Modules/CMakeCCompilerABI.c
Linking C executable cmTC_f4d1e
/home/ssicss/workhome/tmp/cmake-3.3.0-rc3/bin/cmake -E cmake_link_script CMakeFiles/cmTC_f4d1e.dir/link.txt --verbose=1
/usr/bin/cc      -v CMakeFiles/cmTC_f4d1e.dir/CMakeCCompilerABI.c.o  -o cmTC_f4d1e -rdynamic  
使用内建 specs。
目标：i686-redhat-linux
配置为：../configure --prefix=/usr --mandir=/usr/share/man --infodir=/usr/share/info --with-bugurl=http://bugzilla.redhat.com/bugzilla --enable-bootstrap --enable-shared --enable-threads=posix --enable-checking=release --with-system-zlib --enable-__cxa_atexit --disable-libunwind-exceptions --enable-gnu-unique-object --enable-languages=c,c++,objc,obj-c++,java,fortran,ada --enable-java-awt=gtk --disable-dssi --with-java-home=/usr/lib/jvm/java-1.5.0-gcj-1.5.0.0/jre --enable-libgcj-multifile --enable-java-maintainer-mode --with-ecj-jar=/usr/share/java/eclipse-ecj.jar --disable-libjava-multilib --with-ppl --with-cloog --with-tune=generic --with-arch=i686 --build=i686-redhat-linux
线程模型：posix
gcc 版本 4.4.5 20110214 (Red Hat 4.4.5-6) (GCC) 
COMPILER_PATH=/usr/libexec/gcc/i686-redhat-linux/4.4.5/:/usr/libexec/gcc/i686-redhat-linux/4.4.5/:/usr/libexec/gcc/i686-redhat-linux/:/usr/lib/gcc/i686-redhat-linux/4.4.5/:/usr/lib/gcc/i686-redhat-linux/:/usr/libexec/gcc/i686-redhat-linux/4.4.5/:/usr/libexec/gcc/i686-redhat-linux/:/usr/lib/gcc/i686-redhat-linux/4.4.5/:/usr/lib/gcc/i686-redhat-linux/
LIBRARY_PATH=/usr/lib/gcc/i686-redhat-linux/4.4.5/:/usr/lib/gcc/i686-redhat-linux/4.4.5/:/usr/lib/gcc/i686-redhat-linux/4.4.5/../../../:/lib/:/usr/lib/
COLLECT_GCC_OPTIONS='-v' '-o' 'cmTC_f4d1e' '-rdynamic' '-mtune=generic' '-march=i686'
 /usr/libexec/gcc/i686-redhat-linux/4.4.5/collect2 --eh-frame-hdr --build-id -m elf_i386 --hash-style=gnu -export-dynamic -dynamic-linker /lib/ld-linux.so.2 -o cmTC_f4d1e /usr/lib/gcc/i686-redhat-linux/4.4.5/../../../crt1.o /usr/lib/gcc/i686-redhat-linux/4.4.5/../../../crti.o /usr/lib/gcc/i686-redhat-linux/4.4.5/crtbegin.o -L/usr/lib/gcc/i686-redhat-linux/4.4.5 -L/usr/lib/gcc/i686-redhat-linux/4.4.5 -L/usr/lib/gcc/i686-redhat-linux/4.4.5/../../.. CMakeFiles/cmTC_f4d1e.dir/CMakeCCompilerABI.c.o -lgcc --as-needed -lgcc_s --no-as-needed -lc -lgcc --as-needed -lgcc_s --no-as-needed /usr/lib/gcc/i686-redhat-linux/4.4.5/crtend.o /usr/lib/gcc/i686-redhat-linux/4.4.5/../../../crtn.o
gmake[1]: Leaving directory `/home/ssicss/workhome/tmp/min-cscope/obj/CMakeFiles/CMakeTmp'


Parsed C implicit link information from above output:
  link line regex: [^( *|.*[/\])(ld|([^/\]+-)?ld|collect2)[^/\]*( |$)]
  ignore line: [Change Dir: /home/ssicss/workhome/tmp/min-cscope/obj/CMakeFiles/CMakeTmp]
  ignore line: []
  ignore line: [Run Build Command:"/usr/bin/gmake" "cmTC_f4d1e/fast"]
  ignore line: [/usr/bin/gmake -f CMakeFiles/cmTC_f4d1e.dir/build.make CMakeFiles/cmTC_f4d1e.dir/build]
  ignore line: [gmake[1]: Entering directory `/home/ssicss/workhome/tmp/min-cscope/obj/CMakeFiles/CMakeTmp']
  ignore line: [Building C object CMakeFiles/cmTC_f4d1e.dir/CMakeCCompilerABI.c.o]
  ignore line: [/usr/bin/cc    -o CMakeFiles/cmTC_f4d1e.dir/CMakeCCompilerABI.c.o   -c /home/ssicss/workhome/tmp/cmake-3.3.0-rc3/Modules/CMakeCCompilerABI.c]
  ignore line: [Linking C executable cmTC_f4d1e]
  ignore line: [/home/ssicss/workhome/tmp/cmake-3.3.0-rc3/bin/cmake -E cmake_link_script CMakeFiles/cmTC_f4d1e.dir/link.txt --verbose=1]
  ignore line: [/usr/bin/cc      -v CMakeFiles/cmTC_f4d1e.dir/CMakeCCompilerABI.c.o  -o cmTC_f4d1e -rdynamic  ]
  ignore line: [使用内建 specs。]
  ignore line: [目标：i686-redhat-linux]
  ignore line: [配置为：../configure --prefix=/usr --mandir=/usr/share/man --infodir=/usr/share/info --with-bugurl=http://bugzilla.redhat.com/bugzilla --enable-bootstrap --enable-shared --enable-threads=posix --enable-checking=release --with-system-zlib --enable-__cxa_atexit --disable-libunwind-exceptions --enable-gnu-unique-object --enable-languages=c,c++,objc,obj-c++,java,fortran,ada --enable-java-awt=gtk --disable-dssi --with-java-home=/usr/lib/jvm/java-1.5.0-gcj-1.5.0.0/jre --enable-libgcj-multifile --enable-java-maintainer-mode --with-ecj-jar=/usr/share/java/eclipse-ecj.jar --disable-libjava-multilib --with-ppl --with-cloog --with-tune=generic --with-arch=i686 --build=i686-redhat-linux]
  ignore line: [线程模型：posix]
  ignore line: [gcc 版本 4.4.5 20110214 (Red Hat 4.4.5-6) (GCC) ]
  ignore line: [COMPILER_PATH=/usr/libexec/gcc/i686-redhat-linux/4.4.5/:/usr/libexec/gcc/i686-redhat-linux/4.4.5/:/usr/libexec/gcc/i686-redhat-linux/:/usr/lib/gcc/i686-redhat-linux/4.4.5/:/usr/lib/gcc/i686-redhat-linux/:/usr/libexec/gcc/i686-redhat-linux/4.4.5/:/usr/libexec/gcc/i686-redhat-linux/:/usr/lib/gcc/i686-redhat-linux/4.4.5/:/usr/lib/gcc/i686-redhat-linux/]
  ignore line: [LIBRARY_PATH=/usr/lib/gcc/i686-redhat-linux/4.4.5/:/usr/lib/gcc/i686-redhat-linux/4.4.5/:/usr/lib/gcc/i686-redhat-linux/4.4.5/../../../:/lib/:/usr/lib/]
  ignore line: [COLLECT_GCC_OPTIONS='-v' '-o' 'cmTC_f4d1e' '-rdynamic' '-mtune=generic' '-march=i686']
  link line: [ /usr/libexec/gcc/i686-redhat-linux/4.4.5/collect2 --eh-frame-hdr --build-id -m elf_i386 --hash-style=gnu -export-dynamic -dynamic-linker /lib/ld-linux.so.2 -o cmTC_f4d1e /usr/lib/gcc/i686-redhat-linux/4.4.5/../../../crt1.o /usr/lib/gcc/i686-redhat-linux/4.4.5/../../../crti.o /usr/lib/gcc/i686-redhat-linux/4.4.5/crtbegin.o -L/usr/lib/gcc/i686-redhat-linux/4.4.5 -L/usr/lib/gcc/i686-redhat-linux/4.4.5 -L/usr/lib/gcc/i686-redhat-linux/4.4.5/../../.. CMakeFiles/cmTC_f4d1e.dir/CMakeCCompilerABI.c.o -lgcc --as-needed -lgcc_s --no-as-needed -lc -lgcc --as-needed -lgcc_s --no-as-needed /usr/lib/gcc/i686-redhat-linux/4.4.5/crtend.o /usr/lib/gcc/i686-redhat-linux/4.4.5/../../../crtn.o]
    arg [/usr/libexec/gcc/i686-redhat-linux/4.4.5/collect2] ==> ignore
    arg [--eh-frame-hdr] ==> ignore
    arg [--build-id] ==> ignore
    arg [-m] ==> ignore
    arg [elf_i386] ==> ignore
    arg [--hash-style=gnu] ==> ignore
    arg [-export-dynamic] ==> ignore
    arg [-dynamic-linker] ==> ignore
    arg [/lib/ld-linux.so.2] ==> ignore
    arg [-o] ==> ignore
    arg [cmTC_f4d1e] ==> ignore
    arg [/usr/lib/gcc/i686-redhat-linux/4.4.5/../../../crt1.o] ==> ignore
    arg [/usr/lib/gcc/i686-redhat-linux/4.4.5/../../../crti.o] ==> ignore
    arg [/usr/lib/gcc/i686-redhat-linux/4.4.5/crtbegin.o] ==> ignore
    arg [-L/usr/lib/gcc/i686-redhat-linux/4.4.5] ==> dir [/usr/lib/gcc/i686-redhat-linux/4.4.5]
    arg [-L/usr/lib/gcc/i686-redhat-linux/4.4.5] ==> dir [/usr/lib/gcc/i686-redhat-linux/4.4.5]
    arg [-L/usr/lib/gcc/i686-redhat-linux/4.4.5/../../..] ==> dir [/usr/lib/gcc/i686-redhat-linux/4.4.5/../../..]
    arg [CMakeFiles/cmTC_f4d1e.dir/CMakeCCompilerABI.c.o] ==> ignore
    arg [-lgcc] ==> lib [gcc]
    arg [--as-needed] ==> ignore
    arg [-lgcc_s] ==> lib [gcc_s]
    arg [--no-as-needed] ==> ignore
    arg [-lc] ==> lib [c]
    arg [-lgcc] ==> lib [gcc]
    arg [--as-needed] ==> ignore
    arg [-lgcc_s] ==> lib [gcc_s]
    arg [--no-as-needed] ==> ignore
    arg [/usr/lib/gcc/i686-redhat-linux/4.4.5/crtend.o] ==> ignore
    arg [/usr/lib/gcc/i686-redhat-linux/4.4.5/../../../crtn.o] ==> ignore
  remove lib [gcc]
  remove lib [gcc_s]
  remove lib [gcc]
  remove lib [gcc_s]
  collapse library dir [/usr/lib/gcc/i686-redhat-linux/4.4.5] ==> [/usr/lib/gcc/i686-redhat-linux/4.4.5]
  collapse library dir [/usr/lib/gcc/i686-redhat-linux/4.4.5] ==> [/usr/lib/gcc/i686-redhat-linux/4.4.5]
  collapse library dir [/usr/lib/gcc/i686-redhat-linux/4.4.5/../../..] ==> [/usr/lib]
  implicit libs: [c]
  implicit dirs: [/usr/lib/gcc/i686-redhat-linux/4.4.5;/usr/lib]
  implicit fwks: []




Detecting C [-std=c99] compiler features compiled with the following output:
Change Dir: /home/ssicss/workhome/tmp/min-cscope/obj/CMakeFiles/CMakeTmp

Run Build Command:"/usr/bin/gmake" "cmTC_68f4e/fast"
/usr/bin/gmake -f CMakeFiles/cmTC_68f4e.dir/build.make CMakeFiles/cmTC_68f4e.dir/build
gmake[1]: Entering directory `/home/ssicss/workhome/tmp/min-cscope/obj/CMakeFiles/CMakeTmp'
Building C object CMakeFiles/cmTC_68f4e.dir/feature_tests.c.o
/usr/bin/cc   -std=c99 -o CMakeFiles/cmTC_68f4e.dir/feature_tests.c.o   -c /home/ssicss/workhome/tmp/min-cscope/obj/CMakeFiles/feature_tests.c
Linking C executable cmTC_68f4e
/home/ssicss/workhome/tmp/cmake-3.3.0-rc3/bin/cmake -E cmake_link_script CMakeFiles/cmTC_68f4e.dir/link.txt --verbose=1
/usr/bin/cc       CMakeFiles/cmTC_68f4e.dir/feature_tests.c.o  -o cmTC_68f4e -rdynamic 
gmake[1]: Leaving directory `/home/ssicss/workhome/tmp/min-cscope/obj/CMakeFiles/CMakeTmp'


    Feature record: C_FEATURE:1c_function_prototypes
    Feature record: C_FEATURE:1c_restrict
    Feature record: C_FEATURE:0c_static_assert
    Feature record: C_FEATURE:1c_variadic_macros


Detecting C [-std=c89] compiler features compiled with the following output:
Change Dir: /home/ssicss/workhome/tmp/min-cscope/obj/CMakeFiles/CMakeTmp

Run Build Command:"/usr/bin/gmake" "cmTC_bb5d4/fast"
/usr/bin/gmake -f CMakeFiles/cmTC_bb5d4.dir/build.make CMakeFiles/cmTC_bb5d4.dir/build
gmake[1]: Entering directory `/home/ssicss/workhome/tmp/min-cscope/obj/CMakeFiles/CMakeTmp'
Building C object CMakeFiles/cmTC_bb5d4.dir/feature_tests.c.o
/usr/bin/cc   -std=c89 -o CMakeFiles/cmTC_bb5d4.dir/feature_tests.c.o   -c /home/ssicss/workhome/tmp/min-cscope/obj/CMakeFiles/feature_tests.c
Linking C executable cmTC_bb5d4
/home/ssicss/workhome/tmp/cmake-3.3.0-rc3/bin/cmake -E cmake_link_script CMakeFiles/cmTC_bb5d4.dir/link.txt --verbose=1
/usr/bin/cc       CMakeFiles/cmTC_bb5d4.dir/feature_tests.c.o  -o cmTC_bb5d4 -rdynamic 
gmake[1]: Leaving directory `/home/ssicss/workhome/tmp/min-cscope/obj/CMakeFiles/CMakeTmp'


    Feature record: C_FEATURE:1c_function_prototypes
    Feature record: C_FEATURE:0c_restrict
    Feature record: C_FEATURE:0c_static_assert
    Feature record: C_FEATURE:0c_variadic_macros
Determining if the CXX compiler works passed with the following output:
Change Dir: /home/ssicss/workhome/tmp/min-cscope/obj/CMakeFiles/CMakeTmp

Run Build Command:"/usr/bin/gmake" "cmTC_9ec02/fast"
/usr/bin/gmake -f CMakeFiles/cmTC_9ec02.dir/build.make CMakeFiles/cmTC_9ec02.dir/build
gmake[1]: Entering directory `/home/ssicss/workhome/tmp/min-cscope/obj/CMakeFiles/CMakeTmp'
Building CXX object CMakeFiles/cmTC_9ec02.dir/testCXXCompiler.cxx.o
/usr/bin/c++     -o CMakeFiles/cmTC_9ec02.dir/testCXXCompiler.cxx.o -c /home/ssicss/workhome/tmp/min-cscope/obj/CMakeFiles/CMakeTmp/testCXXCompiler.cxx
Linking CXX executable cmTC_9ec02
/home/ssicss/workhome/tmp/cmake-3.3.0-rc3/bin/cmake -E cmake_link_script CMakeFiles/cmTC_9ec02.dir/link.txt --verbose=1
/usr/bin/c++        CMakeFiles/cmTC_9ec02.dir/testCXXCompiler.cxx.o  -o cmTC_9ec02 -rdynamic 
gmake[1]: Leaving directory `/home/ssicss/workhome/tmp/min-cscope/obj/CMakeFiles/CMakeTmp'


Detecting CXX compiler ABI info compiled with the following output:
Change Dir: /home/ssicss/workhome/tmp/min-cscope/obj/CMakeFiles/CMakeTmp

Run Build Command:"/usr/bin/gmake" "cmTC_cd4ee/fast"
/usr/bin/gmake -f CMakeFiles/cmTC_cd4ee.dir/build.make CMakeFiles/cmTC_cd4ee.dir/build
gmake[1]: Entering directory `/home/ssicss/workhome/tmp/min-cscope/obj/CMakeFiles/CMakeTmp'
Building CXX object CMakeFiles/cmTC_cd4ee.dir/CMakeCXXCompilerABI.cpp.o
/usr/bin/c++     -o CMakeFiles/cmTC_cd4ee.dir/CMakeCXXCompilerABI.cpp.o -c /home/ssicss/workhome/tmp/cmake-3.3.0-rc3/Modules/CMakeCXXCompilerABI.cpp
Linking CXX executable cmTC_cd4ee
/home/ssicss/workhome/tmp/cmake-3.3.0-rc3/bin/cmake -E cmake_link_script CMakeFiles/cmTC_cd4ee.dir/link.txt --verbose=1
/usr/bin/c++       -v CMakeFiles/cmTC_cd4ee.dir/CMakeCXXCompilerABI.cpp.o  -o cmTC_cd4ee -rdynamic  
使用内建 specs。
目标：i686-redhat-linux
配置为：../configure --prefix=/usr --mandir=/usr/share/man --infodir=/usr/share/info --with-bugurl=http://bugzilla.redhat.com/bugzilla --enable-bootstrap --enable-shared --enable-threads=posix --enable-checking=release --with-system-zlib --enable-__cxa_atexit --disable-libunwind-exceptions --enable-gnu-unique-object --enable-languages=c,c++,objc,obj-c++,java,fortran,ada --enable-java-awt=gtk --disable-dssi --with-java-home=/usr/lib/jvm/java-1.5.0-gcj-1.5.0.0/jre --enable-libgcj-multifile --enable-java-maintainer-mode --with-ecj-jar=/usr/share/java/eclipse-ecj.jar --disable-libjava-multilib --with-ppl --with-cloog --with-tune=generic --with-arch=i686 --build=i686-redhat-linux
线程模型：posix
gcc 版本 4.4.5 20110214 (Red Hat 4.4.5-6) (GCC) 
COMPILER_PATH=/usr/libexec/gcc/i686-redhat-linux/4.4.5/:/usr/libexec/gcc/i686-redhat-linux/4.4.5/:/usr/libexec/gcc/i686-redhat-linux/:/usr/lib/gcc/i686-redhat-linux/4.4.5/:/usr/lib/gcc/i686-redhat-linux/:/usr/libexec/gcc/i686-redhat-linux/4.4.5/:/usr/libexec/gcc/i686-redhat-linux/:/usr/lib/gcc/i686-redhat-linux/4.4.5/:/usr/lib/gcc/i686-redhat-linux/
LIBRARY_PATH=/usr/lib/gcc/i686-redhat-linux/4.4.5/:/usr/lib/gcc/i686-redhat-linux/4.4.5/:/usr/lib/gcc/i686-redhat-linux/4.4.5/../../../:/lib/:/usr/lib/
COLLECT_GCC_OPTIONS='-v' '-o' 'cmTC_cd4ee' '-rdynamic' '-shared-libgcc' '-mtune=generic' '-march=i686'
 /usr/libexec/gcc/i686-redhat-linux/4.4.5/collect2 --eh-frame-hdr --build-id -m elf_i386 --hash-style=gnu -export-dynamic -dynamic-linker /lib/ld-linux.so.2 -o cmTC_cd4ee /usr/lib/gcc/i686-redhat-linux/4.4.5/../../../crt1.o /usr/lib/gcc/i686-redhat-linux/4.4.5/../../../crti.o /usr/lib/gcc/i686-redhat-linux/4.4.5/crtbegin.o -L/usr/lib/gcc/i686-redhat-linux/4.4.5 -L/usr/lib/gcc/i686-redhat-linux/4.4.5 -L/usr/lib/gcc/i686-redhat-linux/4.4.5/../../.. CMakeFiles/cmTC_cd4ee.dir/CMakeCXXCompilerABI.cpp.o -lstdc++ -lm -lgcc_s -lgcc -lc -lgcc_s -lgcc /usr/lib/gcc/i686-redhat-linux/4.4.5/crtend.o /usr/lib/gcc/i686-redhat-linux/4.4.5/../../../crtn.o
gmake[1]: Leaving directory `/home/ssicss/workhome/tmp/min-cscope/obj/CMakeFiles/CMakeTmp'


Parsed CXX implicit link information from above output:
  link line regex: [^( *|.*[/\])(ld|([^/\]+-)?ld|collect2)[^/\]*( |$)]
  ignore line: [Change Dir: /home/ssicss/workhome/tmp/min-cscope/obj/CMakeFiles/CMakeTmp]
  ignore line: []
  ignore line: [Run Build Command:"/usr/bin/gmake" "cmTC_cd4ee/fast"]
  ignore line: [/usr/bin/gmake -f CMakeFiles/cmTC_cd4ee.dir/build.make CMakeFiles/cmTC_cd4ee.dir/build]
  ignore line: [gmake[1]: Entering directory `/home/ssicss/workhome/tmp/min-cscope/obj/CMakeFiles/CMakeTmp']
  ignore line: [Building CXX object CMakeFiles/cmTC_cd4ee.dir/CMakeCXXCompilerABI.cpp.o]
  ignore line: [/usr/bin/c++     -o CMakeFiles/cmTC_cd4ee.dir/CMakeCXXCompilerABI.cpp.o -c /home/ssicss/workhome/tmp/cmake-3.3.0-rc3/Modules/CMakeCXXCompilerABI.cpp]
  ignore line: [Linking CXX executable cmTC_cd4ee]
  ignore line: [/home/ssicss/workhome/tmp/cmake-3.3.0-rc3/bin/cmake -E cmake_link_script CMakeFiles/cmTC_cd4ee.dir/link.txt --verbose=1]
  ignore line: [/usr/bin/c++       -v CMakeFiles/cmTC_cd4ee.dir/CMakeCXXCompilerABI.cpp.o  -o cmTC_cd4ee -rdynamic  ]
  ignore line: [使用内建 specs。]
  ignore line: [目标：i686-redhat-linux]
  ignore line: [配置为：../configure --prefix=/usr --mandir=/usr/share/man --infodir=/usr/share/info --with-bugurl=http://bugzilla.redhat.com/bugzilla --enable-bootstrap --enable-shared --enable-threads=posix --enable-checking=release --with-system-zlib --enable-__cxa_atexit --disable-libunwind-exceptions --enable-gnu-unique-object --enable-languages=c,c++,objc,obj-c++,java,fortran,ada --enable-java-awt=gtk --disable-dssi --with-java-home=/usr/lib/jvm/java-1.5.0-gcj-1.5.0.0/jre --enable-libgcj-multifile --enable-java-maintainer-mode --with-ecj-jar=/usr/share/java/eclipse-ecj.jar --disable-libjava-multilib --with-ppl --with-cloog --with-tune=generic --with-arch=i686 --build=i686-redhat-linux]
  ignore line: [线程模型：posix]
  ignore line: [gcc 版本 4.4.5 20110214 (Red Hat 4.4.5-6) (GCC) ]
  ignore line: [COMPILER_PATH=/usr/libexec/gcc/i686-redhat-linux/4.4.5/:/usr/libexec/gcc/i686-redhat-linux/4.4.5/:/usr/libexec/gcc/i686-redhat-linux/:/usr/lib/gcc/i686-redhat-linux/4.4.5/:/usr/lib/gcc/i686-redhat-linux/:/usr/libexec/gcc/i686-redhat-linux/4.4.5/:/usr/libexec/gcc/i686-redhat-linux/:/usr/lib/gcc/i686-redhat-linux/4.4.5/:/usr/lib/gcc/i686-redhat-linux/]
  ignore line: [LIBRARY_PATH=/usr/lib/gcc/i686-redhat-linux/4.4.5/:/usr/lib/gcc/i686-redhat-linux/4.4.5/:/usr/lib/gcc/i686-redhat-linux/4.4.5/../../../:/lib/:/usr/lib/]
  ignore line: [COLLECT_GCC_OPTIONS='-v' '-o' 'cmTC_cd4ee' '-rdynamic' '-shared-libgcc' '-mtune=generic' '-march=i686']
  link line: [ /usr/libexec/gcc/i686-redhat-linux/4.4.5/collect2 --eh-frame-hdr --build-id -m elf_i386 --hash-style=gnu -export-dynamic -dynamic-linker /lib/ld-linux.so.2 -o cmTC_cd4ee /usr/lib/gcc/i686-redhat-linux/4.4.5/../../../crt1.o /usr/lib/gcc/i686-redhat-linux/4.4.5/../../../crti.o /usr/lib/gcc/i686-redhat-linux/4.4.5/crtbegin.o -L/usr/lib/gcc/i686-redhat-linux/4.4.5 -L/usr/lib/gcc/i686-redhat-linux/4.4.5 -L/usr/lib/gcc/i686-redhat-linux/4.4.5/../../.. CMakeFiles/cmTC_cd4ee.dir/CMakeCXXCompilerABI.cpp.o -lstdc++ -lm -lgcc_s -lgcc -lc -lgcc_s -lgcc /usr/lib/gcc/i686-redhat-linux/4.4.5/crtend.o /usr/lib/gcc/i686-redhat-linux/4.4.5/../../../crtn.o]
    arg [/usr/libexec/gcc/i686-redhat-linux/4.4.5/collect2] ==> ignore
    arg [--eh-frame-hdr] ==> ignore
    arg [--build-id] ==> ignore
    arg [-m] ==> ignore
    arg [elf_i386] ==> ignore
    arg [--hash-style=gnu] ==> ignore
    arg [-export-dynamic] ==> ignore
    arg [-dynamic-linker] ==> ignore
    arg [/lib/ld-linux.so.2] ==> ignore
    arg [-o] ==> ignore
    arg [cmTC_cd4ee] ==> ignore
    arg [/usr/lib/gcc/i686-redhat-linux/4.4.5/../../../crt1.o] ==> ignore
    arg [/usr/lib/gcc/i686-redhat-linux/4.4.5/../../../crti.o] ==> ignore
    arg [/usr/lib/gcc/i686-redhat-linux/4.4.5/crtbegin.o] ==> ignore
    arg [-L/usr/lib/gcc/i686-redhat-linux/4.4.5] ==> dir [/usr/lib/gcc/i686-redhat-linux/4.4.5]
    arg [-L/usr/lib/gcc/i686-redhat-linux/4.4.5] ==> dir [/usr/lib/gcc/i686-redhat-linux/4.4.5]
    arg [-L/usr/lib/gcc/i686-redhat-linux/4.4.5/../../..] ==> dir [/usr/lib/gcc/i686-redhat-linux/4.4.5/../../..]
    arg [CMakeFiles/cmTC_cd4ee.dir/CMakeCXXCompilerABI.cpp.o] ==> ignore
    arg [-lstdc++] ==> lib [stdc++]
    arg [-lm] ==> lib [m]
    arg [-lgcc_s] ==> lib [gcc_s]
    arg [-lgcc] ==> lib [gcc]
    arg [-lc] ==> lib [c]
    arg [-lgcc_s] ==> lib [gcc_s]
    arg [-lgcc] ==> lib [gcc]
    arg [/usr/lib/gcc/i686-redhat-linux/4.4.5/crtend.o] ==> ignore
    arg [/usr/lib/gcc/i686-redhat-linux/4.4.5/../../../crtn.o] ==> ignore
  remove lib [gcc_s]
  remove lib [gcc]
  remove lib [gcc_s]
  remove lib [gcc]
  collapse library dir [/usr/lib/gcc/i686-redhat-linux/4.4.5] ==> [/usr/lib/gcc/i686-redhat-linux/4.4.5]
  collapse library dir [/usr/lib/gcc/i686-redhat-linux/4.4.5] ==> [/usr/lib/gcc/i686-redhat-linux/4.4.5]
  collapse library dir [/usr/lib/gcc/i686-redhat-linux/4.4.5/../../..] ==> [/usr/lib]
  implicit libs: [stdc++;m;c]
  implicit dirs: [/usr/lib/gcc/i686-redhat-linux/4.4.5;/usr/lib]
  implicit fwks: []




Detecting CXX [-std=c++0x] compiler features compiled with the following output:
Change Dir: /home/ssicss/workhome/tmp/min-cscope/obj/CMakeFiles/CMakeTmp

Run Build Command:"/usr/bin/gmake" "cmTC_29f77/fast"
/usr/bin/gmake -f CMakeFiles/cmTC_29f77.dir/build.make CMakeFiles/cmTC_29f77.dir/build
gmake[1]: Entering directory `/home/ssicss/workhome/tmp/min-cscope/obj/CMakeFiles/CMakeTmp'
Building CXX object CMakeFiles/cmTC_29f77.dir/feature_tests.cxx.o
/usr/bin/c++    -std=c++0x -o CMakeFiles/cmTC_29f77.dir/feature_tests.cxx.o -c /home/ssicss/workhome/tmp/min-cscope/obj/CMakeFiles/feature_tests.cxx
Linking CXX executable cmTC_29f77
/home/ssicss/workhome/tmp/cmake-3.3.0-rc3/bin/cmake -E cmake_link_script CMakeFiles/cmTC_29f77.dir/link.txt --verbose=1
/usr/bin/c++        CMakeFiles/cmTC_29f77.dir/feature_tests.cxx.o  -o cmTC_29f77 -rdynamic 
gmake[1]: Leaving directory `/home/ssicss/workhome/tmp/min-cscope/obj/CMakeFiles/CMakeTmp'


    Feature record: CXX_FEATURE:0cxx_aggregate_default_initializers
    Feature record: CXX_FEATURE:0cxx_alias_templates
    Feature record: CXX_FEATURE:0cxx_alignas
    Feature record: CXX_FEATURE:0cxx_alignof
    Feature record: CXX_FEATURE:0cxx_attributes
    Feature record: CXX_FEATURE:0cxx_attribute_deprecated
    Feature record: CXX_FEATURE:1cxx_auto_type
    Feature record: CXX_FEATURE:0cxx_binary_literals
    Feature record: CXX_FEATURE:0cxx_constexpr
    Feature record: CXX_FEATURE:0cxx_contextual_conversions
    Feature record: CXX_FEATURE:1cxx_decltype
    Feature record: CXX_FEATURE:0cxx_decltype_auto
    Feature record: CXX_FEATURE:0cxx_decltype_incomplete_return_types
    Feature record: CXX_FEATURE:1cxx_default_function_template_args
    Feature record: CXX_FEATURE:1cxx_defaulted_functions
    Feature record: CXX_FEATURE:0cxx_defaulted_move_initializers
    Feature record: CXX_FEATURE:0cxx_delegating_constructors
    Feature record: CXX_FEATURE:1cxx_deleted_functions
    Feature record: CXX_FEATURE:0cxx_digit_separators
    Feature record: CXX_FEATURE:0cxx_enum_forward_declarations
    Feature record: CXX_FEATURE:0cxx_explicit_conversions
    Feature record: CXX_FEATURE:0cxx_extended_friend_declarations
    Feature record: CXX_FEATURE:1cxx_extern_templates
    Feature record: CXX_FEATURE:0cxx_final
    Feature record: CXX_FEATURE:1cxx_func_identifier
    Feature record: CXX_FEATURE:1cxx_generalized_initializers
    Feature record: CXX_FEATURE:0cxx_generic_lambdas
    Feature record: CXX_FEATURE:0cxx_inheriting_constructors
    Feature record: CXX_FEATURE:1cxx_inline_namespaces
    Feature record: CXX_FEATURE:0cxx_lambdas
    Feature record: CXX_FEATURE:0cxx_lambda_init_captures
    Feature record: CXX_FEATURE:0cxx_local_type_template_args
    Feature record: CXX_FEATURE:1cxx_long_long_type
    Feature record: CXX_FEATURE:0cxx_noexcept
    Feature record: CXX_FEATURE:0cxx_nonstatic_member_init
    Feature record: CXX_FEATURE:0cxx_nullptr
    Feature record: CXX_FEATURE:0cxx_override
    Feature record: CXX_FEATURE:0cxx_range_for
    Feature record: CXX_FEATURE:0cxx_raw_string_literals
    Feature record: CXX_FEATURE:0cxx_reference_qualified_functions
    Feature record: CXX_FEATURE:0cxx_relaxed_constexpr
    Feature record: CXX_FEATURE:0cxx_return_type_deduction
    Feature record: CXX_FEATURE:1cxx_right_angle_brackets
    Feature record: CXX_FEATURE:1cxx_rvalue_references
    Feature record: CXX_FEATURE:1cxx_sizeof_member
    Feature record: CXX_FEATURE:1cxx_static_assert
    Feature record: CXX_FEATURE:1cxx_strong_enums
    Feature record: CXX_FEATURE:1cxx_template_template_parameters
    Feature record: CXX_FEATURE:0cxx_thread_local
    Feature record: CXX_FEATURE:1cxx_trailing_return_types
    Feature record: CXX_FEATURE:1cxx_unicode_literals
    Feature record: CXX_FEATURE:1cxx_uniform_initialization
    Feature record: CXX_FEATURE:0cxx_unrestricted_unions
    Feature record: CXX_FEATURE:0cxx_user_literals
    Feature record: CXX_FEATURE:0cxx_variable_templates
    Feature record: CXX_FEATURE:1cxx_variadic_macros
    Feature record: CXX_FEATURE:1cxx_variadic_templates


Detecting CXX [-std=c++98] compiler features compiled with the following output:
Change Dir: /home/ssicss/workhome/tmp/min-cscope/obj/CMakeFiles/CMakeTmp

Run Build Command:"/usr/bin/gmake" "cmTC_95f7e/fast"
/usr/bin/gmake -f CMakeFiles/cmTC_95f7e.dir/build.make CMakeFiles/cmTC_95f7e.dir/build
gmake[1]: Entering directory `/home/ssicss/workhome/tmp/min-cscope/obj/CMakeFiles/CMakeTmp'
Building CXX object CMakeFiles/cmTC_95f7e.dir/feature_tests.cxx.o
/usr/bin/c++    -std=c++98 -o CMakeFiles/cmTC_95f7e.dir/feature_tests.cxx.o -c /home/ssicss/workhome/tmp/min-cscope/obj/CMakeFiles/feature_tests.cxx
Linking CXX executable cmTC_95f7e
/home/ssicss/workhome/tmp/cmake-3.3.0-rc3/bin/cmake -E cmake_link_script CMakeFiles/cmTC_95f7e.dir/link.txt --verbose=1
/usr/bin/c++        CMakeFiles/cmTC_95f7e.dir/feature_tests.cxx.o  -o cmTC_95f7e -rdynamic 
gmake[1]: Leaving directory `/home/ssicss/workhome/tmp/min-cscope/obj/CMakeFiles/CMakeTmp'


    Feature record: CXX_FEATURE:0cxx_aggregate_default_initializers
    Feature record: CXX_FEATURE:0cxx_alias_templates
    Feature record: CXX_FEATURE:0cxx_alignas
    Feature record: CXX_FEATURE:0cxx_alignof
    Feature record: CXX_FEATURE:0cxx_attributes
    Feature record: CXX_FEATURE:0cxx_attribute_deprecated
    Feature record: CXX_FEATURE:0cxx_auto_type
    Feature record: CXX_FEATURE:0cxx_binary_literals
    Feature record: CXX_FEATURE:0cxx_constexpr
    Feature record: CXX_FEATURE:0cxx_contextual_conversions
    Feature record: CXX_FEATURE:0cxx_decltype
    Feature record: CXX_FEATURE:0cxx_decltype_auto
    Feature record: CXX_FEATURE:0cxx_decltype_incomplete_return_types
    Feature record: CXX_FEATURE:0cxx_default_function_template_args
    Feature record: CXX_FEATURE:0cxx_defaulted_functions
    Feature record: CXX_FEATURE:0cxx_defaulted_move_initializers
    Feature record: CXX_FEATURE:0cxx_delegating_constructors
    Feature record: CXX_FEATURE:0cxx_deleted_functions
    Feature record: CXX_FEATURE:0cxx_digit_separators
    Feature record: CXX_FEATURE:0cxx_enum_forward_declarations
    Feature record: CXX_FEATURE:0cxx_explicit_conversions
    Feature record: CXX_FEATURE:0cxx_extended_friend_declarations
    Feature record: CXX_FEATURE:0cxx_extern_templates
    Feature record: CXX_FEATURE:0cxx_final
    Feature record: CXX_FEATURE:0cxx_func_identifier
    Feature record: CXX_FEATURE:0cxx_generalized_initializers
    Feature record: CXX_FEATURE:0cxx_generic_lambdas
    Feature record: CXX_FEATURE:0cxx_inheriting_constructors
    Feature record: CXX_FEATURE:0cxx_inline_namespaces
    Feature record: CXX_FEATURE:0cxx_lambdas
    Feature record: CXX_FEATURE:0cxx_lambda_init_captures
    Feature record: CXX_FEATURE:0cxx_local_type_template_args
    Feature record: CXX_FEATURE:0cxx_long_long_type
    Feature record: CXX_FEATURE:0cxx_noexcept
    Feature record: CXX_FEATURE:0cxx_nonstatic_member_init
    Feature record: CXX_FEATURE:0cxx_nullptr
    Feature record: CXX_FEATURE:0cxx_override
    Feature record: CXX_FEATURE:0cxx_range_for
    Feature record: CXX_FEATURE:0cxx_raw_string_literals
    Feature record: CXX_FEATURE:0cxx_reference_qualified_functions
    Feature record: CXX_FEATURE:0cxx_relaxed_constexpr
    Feature record: CXX_FEATURE:0cxx_return_type_deduction
    Feature record: CXX_FEATURE:0cxx_right_angle_brackets
    Feature record: CXX_FEATURE:0cxx_rvalue_references
    Feature record: CXX_FEATURE:0cxx_sizeof_member
    Feature record: CXX_FEATURE:0cxx_static_assert
    Feature record: CXX_FEATURE:0cxx_strong_enums
    Feature record: CXX_FEATURE:1cxx_template_template_parameters
    Feature record: CXX_FEATURE:0cxx_thread_local
    Feature record: CXX_FEATURE:0cxx_trailing_return_types
    Feature record: CXX_FEATURE:0cxx_unicode_literals
    Feature record: CXX_FEATURE:0cxx_uniform_initialization
    Feature record: CXX_FEATURE:0cxx_unrestricted_unions
    Feature record: CXX_FEATURE:0cxx_user_literals
    Feature record: CXX_FEATURE:0cxx_variable_templates
    Feature record: CXX_FEATURE:0cxx_variadic_macros
    Feature record: CXX_FEATURE:0cxx_variadic_templates
Determining if the function qsort_r exists passed with the following output:
Change Dir: /home/ssicss/workhome/tmp/min-cscope/obj/CMakeFiles/CMakeTmp

Run Build Command:"/usr/bin/gmake" "cmTC_b6c35/fast"
/usr/bin/gmake -f CMakeFiles/cmTC_b6c35.dir/build.make CMakeFiles/cmTC_b6c35.dir/build
gmake[1]: Entering directory `/home/ssicss/workhome/tmp/min-cscope/obj/CMakeFiles/CMakeTmp'
Building C object CMakeFiles/cmTC_b6c35.dir/CheckFunctionExists.c.o
/usr/bin/cc   -DCHECK_FUNCTION_EXISTS=qsort_r   -o CMakeFiles/cmTC_b6c35.dir/CheckFunctionExists.c.o   -c /home/ssicss/workhome/tmp/cmake-3.3.0-rc3/Modules/CheckFunctionExists.c
Linking C executable cmTC_b6c35
/home/ssicss/workhome/tmp/cmake-3.3.0-rc3/bin/cmake -E cmake_link_script CMakeFiles/cmTC_b6c35.dir/link.txt --verbose=1
/usr/bin/cc   -DCHECK_FUNCTION_EXISTS=qsort_r    CMakeFiles/cmTC_b6c35.dir/CheckFunctionExists.c.o  -o cmTC_b6c35 -rdynamic 
gmake[1]: Leaving directory `/home/ssicss/workhome/tmp/min-cscope/obj/CMakeFiles/CMakeTmp'


Determining if files ncurses.h exist passed with the following output:
Change Dir: /home/ssicss/workhome/tmp/min-cscope/obj/CMakeFiles/CMakeTmp

Run Build Command:"/usr/bin/gmake" "cmTC_c5d49/fast"
/usr/bin/gmake -f CMakeFiles/cmTC_c5d49.dir/build.make CMakeFiles/cmTC_c5d49.dir/build
gmake[1]: Entering directory `/home/ssicss/workhome/tmp/min-cscope/obj/CMakeFiles/CMakeTmp'
Building C object CMakeFiles/cmTC_c5d49.dir/CheckIncludeFiles.c.o
/usr/bin/cc    -o CMakeFiles/cmTC_c5d49.dir/CheckIncludeFiles.c.o   -c /home/ssicss/workhome/tmp/min-cscope/obj/CMakeFiles/CMakeTmp/CheckIncludeFiles.c
Linking C executable cmTC_c5d49
/home/ssicss/workhome/tmp/cmake-3.3.0-rc3/bin/cmake -E cmake_link_script CMakeFiles/cmTC_c5d49.dir/link.txt --verbose=1
/usr/bin/cc       CMakeFiles/cmTC_c5d49.dir/CheckIncludeFiles.c.o  -o cmTC_c5d49 -rdynamic 
gmake[1]: Leaving directory `/home/ssicss/workhome/tmp/min-cscope/obj/CMakeFiles/CMakeTmp'


Determining if files curses.h exist passed with the following output:
Change Dir: /home/ssicss/workhome/tmp/min-cscope/obj/CMakeFiles/CMakeTmp

Run Build Command:"/usr/bin/gmake" "cmTC_cf722/fast"
/usr/bin/gmake -f CMakeFiles/cmTC_cf722.dir/build.make CMakeFiles/cmTC_cf722.dir/build
gmake[1]: Entering directory `/home/ssicss/workhome/tmp/min-cscope/obj/CMakeFiles/CMakeTmp'
Building C object CMakeFiles/cmTC_cf722.dir/CheckIncludeFiles.c.o
/usr/bin/cc    -o CMakeFiles/cmTC_cf722.dir/CheckIncludeFiles.c.o   -c /home/ssicss/workhome/tmp/min-cscope/obj/CMakeFiles/CMakeTmp/CheckIncludeFiles.c
Linking C executable cmTC_cf722
/home/ssicss/workhome/tmp/cmake-3.3.0-rc3/bin/cmake -E cmake_link_script CMakeFiles/cmTC_cf722.dir/link.txt --verbose=1
/usr/bin/cc       CMakeFiles/cmTC_cf722.dir/CheckIncludeFiles.c.o  -o cmTC_cf722 -rdynamic 
gmake[1]: Leaving directory `/home/ssicss/workhome/tmp/min-cscope/obj/CMakeFiles/CMakeTmp'


Determining if files fcntl.h exist passed with the following output:
Change Dir: /home/ssicss/workhome/tmp/min-cscope/obj/CMakeFiles/CMakeTmp

Run Build Command:"/usr/bin/gmake" "cmTC_69c84/fast"
/usr/bin/gmake -f CMakeFiles/cmTC_69c84.dir/build.make CMakeFiles/cmTC_69c84.dir/build
gmake[1]: Entering directory `/home/ssicss/workhome/tmp/min-cscope/obj/CMakeFiles/CMakeTmp'
Building C object CMakeFiles/cmTC_69c84.dir/CheckIncludeFiles.c.o
/usr/bin/cc    -o CMakeFiles/cmTC_69c84.dir/CheckIncludeFiles.c.o   -c /home/ssicss/workhome/tmp/min-cscope/obj/CMakeFiles/CMakeTmp/CheckIncludeFiles.c
Linking C executable cmTC_69c84
/home/ssicss/workhome/tmp/cmake-3.3.0-rc3/bin/cmake -E cmake_link_script CMakeFiles/cmTC_69c84.dir/link.txt --verbose=1
/usr/bin/cc       CMakeFiles/cmTC_69c84.dir/CheckIncludeFiles.c.o  -o cmTC_69c84 -rdynamic 
gmake[1]: Leaving directory `/home/ssicss/workhome/tmp/min-cscope/obj/CMakeFiles/CMakeTmp'


Determining if files wait.h exist passed with the following output:
Change Dir: /home/ssicss/workhome/tmp/min-cscope/obj/CMakeFiles/CMakeTmp

Run Build Command:"/usr/bin/gmake" "cmTC_f69e0/fast"
/usr/bin/gmake -f CMakeFiles/cmTC_f69e0.dir/build.make CMakeFiles/cmTC_f69e0.dir/build
gmake[1]: Entering directory `/home/ssicss/workhome/tmp/min-cscope/obj/CMakeFiles/CMakeTmp'
Building C object CMakeFiles/cmTC_f69e0.dir/CheckIncludeFiles.c.o
/usr/bin/cc    -o CMakeFiles/cmTC_f69e0.dir/CheckIncludeFiles.c.o   -c /home/ssicss/workhome/tmp/min-cscope/obj/CMakeFiles/CMakeTmp/CheckIncludeFiles.c
Linking C executable cmTC_f69e0
/home/ssicss/workhome/tmp/cmake-3.3.0-rc3/bin/cmake -E cmake_link_script CMakeFiles/cmTC_f69e0.dir/link.txt --verbose=1
/usr/bin/cc       CMakeFiles/cmTC_f69e0.dir/CheckIncludeFiles.c.o  -o cmTC_f69e0 -rdynamic 
gmake[1]: Leaving directory `/home/ssicss/workhome/tmp/min-cscope/obj/CMakeFiles/CMakeTmp'


Determining if files regex.h exist passed with the following output:
Change Dir: /home/ssicss/workhome/tmp/min-cscope/obj/CMakeFiles/CMakeTmp

Run Build Command:"/usr/bin/gmake" "cmTC_f7e43/fast"
/usr/bin/gmake -f CMakeFiles/cmTC_f7e43.dir/build.make CMakeFiles/cmTC_f7e43.dir/build
gmake[1]: Entering directory `/home/ssicss/workhome/tmp/min-cscope/obj/CMakeFiles/CMakeTmp'
Building C object CMakeFiles/cmTC_f7e43.dir/CheckIncludeFiles.c.o
/usr/bin/cc    -o CMakeFiles/cmTC_f7e43.dir/CheckIncludeFiles.c.o   -c /home/ssicss/workhome/tmp/min-cscope/obj/CMakeFiles/CMakeTmp/CheckIncludeFiles.c
Linking C executable cmTC_f7e43
/home/ssicss/workhome/tmp/cmake-3.3.0-rc3/bin/cmake -E cmake_link_script CMakeFiles/cmTC_f7e43.dir/link.txt --verbose=1
/usr/bin/cc       CMakeFiles/cmTC_f7e43.dir/CheckIncludeFiles.c.o  -o cmTC_f7e43 -rdynamic 
gmake[1]: Leaving directory `/home/ssicss/workhome/tmp/min-cscope/obj/CMakeFiles/CMakeTmp'


Determining if the function regexec exists passed with the following output:
Change Dir: /home/ssicss/workhome/tmp/min-cscope/obj/CMakeFiles/CMakeTmp

Run Build Command:"/usr/bin/gmake" "cmTC_1c35c/fast"
/usr/bin/gmake -f CMakeFiles/cmTC_1c35c.dir/build.make CMakeFiles/cmTC_1c35c.dir/build
gmake[1]: Entering directory `/home/ssicss/workhome/tmp/min-cscope/obj/CMakeFiles/CMakeTmp'
Building C object CMakeFiles/cmTC_1c35c.dir/CheckFunctionExists.c.o
/usr/bin/cc   -DCHECK_FUNCTION_EXISTS=regexec   -o CMakeFiles/cmTC_1c35c.dir/CheckFunctionExists.c.o   -c /home/ssicss/workhome/tmp/cmake-3.3.0-rc3/Modules/CheckFunctionExists.c
Linking C executable cmTC_1c35c
/home/ssicss/workhome/tmp/cmake-3.3.0-rc3/bin/cmake -E cmake_link_script CMakeFiles/cmTC_1c35c.dir/link.txt --verbose=1
/usr/bin/cc   -DCHECK_FUNCTION_EXISTS=regexec    CMakeFiles/cmTC_1c35c.dir/CheckFunctionExists.c.o  -o cmTC_1c35c -rdynamic 
gmake[1]: Leaving directory `/home/ssicss/workhome/tmp/min-cscope/obj/CMakeFiles/CMakeTmp'


Determining if the function lstat exists passed with the following output:
Change Dir: /home/ssicss/workhome/tmp/min-cscope/obj/CMakeFiles/CMakeTmp

Run Build Command:"/usr/bin/gmake" "cmTC_4f566/fast"
/usr/bin/gmake -f CMakeFiles/cmTC_4f566.dir/build.make CMakeFiles/cmTC_4f566.dir/build
gmake[1]: Entering directory `/home/ssicss/workhome/tmp/min-cscope/obj/CMakeFiles/CMakeTmp'
Building C object CMakeFiles/cmTC_4f566.dir/CheckFunctionExists.c.o
/usr/bin/cc   -DCHECK_FUNCTION_EXISTS=lstat   -o CMakeFiles/cmTC_4f566.dir/CheckFunctionExists.c.o   -c /home/ssicss/workhome/tmp/cmake-3.3.0-rc3/Modules/CheckFunctionExists.c
Linking C executable cmTC_4f566
/home/ssicss/workhome/tmp/cmake-3.3.0-rc3/bin/cmake -E cmake_link_script CMakeFiles/cmTC_4f566.dir/link.txt --verbose=1
/usr/bin/cc   -DCHECK_FUNCTION_EXISTS=lstat    CMakeFiles/cmTC_4f566.dir/CheckFunctionExists.c.o  -o cmTC_4f566 -rdynamic 
gmake[1]: Leaving directory `/home/ssicss/workhome/tmp/min-cscope/obj/CMakeFiles/CMakeTmp'


Determining if the function strerror exists passed with the following output:
Change Dir: /home/ssicss/workhome/tmp/min-cscope/obj/CMakeFiles/CMakeTmp

Run Build Command:"/usr/bin/gmake" "cmTC_95181/fast"
/usr/bin/gmake -f CMakeFiles/cmTC_95181.dir/build.make CMakeFiles/cmTC_95181.dir/build
gmake[1]: Entering directory `/home/ssicss/workhome/tmp/min-cscope/obj/CMakeFiles/CMakeTmp'
Building C object CMakeFiles/cmTC_95181.dir/CheckFunctionExists.c.o
/usr/bin/cc   -DCHECK_FUNCTION_EXISTS=strerror   -o CMakeFiles/cmTC_95181.dir/CheckFunctionExists.c.o   -c /home/ssicss/workhome/tmp/cmake-3.3.0-rc3/Modules/CheckFunctionExists.c
Linking C executable cmTC_95181
/home/ssicss/workhome/tmp/cmake-3.3.0-rc3/bin/cmake -E cmake_link_script CMakeFiles/cmTC_95181.dir/link.txt --verbose=1
/usr/bin/cc   -DCHECK_FUNCTION_EXISTS=strerror    CMakeFiles/cmTC_95181.dir/CheckFunctionExists.c.o  -o cmTC_95181 -rdynamic 
gmake[1]: Leaving directory `/home/ssicss/workhome/tmp/min-cscope/obj/CMakeFiles/CMakeTmp'


Determining if the function __sigsetjmp exists passed with the following output:
Change Dir: /home/ssicss/workhome/tmp/min-cscope/obj/CMakeFiles/CMakeTmp

Run Build Command:"/usr/bin/gmake" "cmTC_fc396/fast"
/usr/bin/gmake -f CMakeFiles/cmTC_fc396.dir/build.make CMakeFiles/cmTC_fc396.dir/build
gmake[1]: Entering directory `/home/ssicss/workhome/tmp/min-cscope/obj/CMakeFiles/CMakeTmp'
Building C object CMakeFiles/cmTC_fc396.dir/CheckFunctionExists.c.o
/usr/bin/cc   -DCHECK_FUNCTION_EXISTS=__sigsetjmp   -o CMakeFiles/cmTC_fc396.dir/CheckFunctionExists.c.o   -c /home/ssicss/workhome/tmp/cmake-3.3.0-rc3/Modules/CheckFunctionExists.c
Linking C executable cmTC_fc396
/home/ssicss/workhome/tmp/cmake-3.3.0-rc3/bin/cmake -E cmake_link_script CMakeFiles/cmTC_fc396.dir/link.txt --verbose=1
/usr/bin/cc   -DCHECK_FUNCTION_EXISTS=__sigsetjmp    CMakeFiles/cmTC_fc396.dir/CheckFunctionExists.c.o  -o cmTC_fc396 -rdynamic 
gmake[1]: Leaving directory `/home/ssicss/workhome/tmp/min-cscope/obj/CMakeFiles/CMakeTmp'


Determining if the SIGQUIT exist passed with the following output:
Change Dir: /home/ssicss/workhome/tmp/min-cscope/obj/CMakeFiles/CMakeTmp

Run Build Command:"/usr/bin/gmake" "cmTC_48315/fast"
/usr/bin/gmake -f CMakeFiles/cmTC_48315.dir/build.make CMakeFiles/cmTC_48315.dir/build
gmake[1]: Entering directory `/home/ssicss/workhome/tmp/min-cscope/obj/CMakeFiles/CMakeTmp'
Building C object CMakeFiles/cmTC_48315.dir/CheckSymbolExists.c.o
/usr/bin/cc    -o CMakeFiles/cmTC_48315.dir/CheckSymbolExists.c.o   -c /home/ssicss/workhome/tmp/min-cscope/obj/CMakeFiles/CMakeTmp/CheckSymbolExists.c
Linking C executable cmTC_48315
/home/ssicss/workhome/tmp/cmake-3.3.0-rc3/bin/cmake -E cmake_link_script CMakeFiles/cmTC_48315.dir/link.txt --verbose=1
/usr/bin/cc       CMakeFiles/cmTC_48315.dir/CheckSymbolExists.c.o  -o cmTC_48315 -rdynamic 
gmake[1]: Leaving directory `/home/ssicss/workhome/tmp/min-cscope/obj/CMakeFiles/CMakeTmp'

File /home/ssicss/workhome/tmp/min-cscope/obj/CMakeFiles/CMakeTmp/CheckSymbolExists.c:
/* */
#include <signal.h>

int main(int argc, char** argv)
{
  (void)argv;
#ifndef SIGQUIT
  return ((int*)(&SIGQUIT))[argc];
#else
  (void)argc;
  return 0;
#endif
}

Determining if the SIGHUP exist passed with the following output:
Change Dir: /home/ssicss/workhome/tmp/min-cscope/obj/CMakeFiles/CMakeTmp

Run Build Command:"/usr/bin/gmake" "cmTC_cc1d4/fast"
/usr/bin/gmake -f CMakeFiles/cmTC_cc1d4.dir/build.make CMakeFiles/cmTC_cc1d4.dir/build
gmake[1]: Entering directory `/home/ssicss/workhome/tmp/min-cscope/obj/CMakeFiles/CMakeTmp'
Building C object CMakeFiles/cmTC_cc1d4.dir/CheckSymbolExists.c.o
/usr/bin/cc    -o CMakeFiles/cmTC_cc1d4.dir/CheckSymbolExists.c.o   -c /home/ssicss/workhome/tmp/min-cscope/obj/CMakeFiles/CMakeTmp/CheckSymbolExists.c
Linking C executable cmTC_cc1d4
/home/ssicss/workhome/tmp/cmake-3.3.0-rc3/bin/cmake -E cmake_link_script CMakeFiles/cmTC_cc1d4.dir/link.txt --verbose=1
/usr/bin/cc       CMakeFiles/cmTC_cc1d4.dir/CheckSymbolExists.c.o  -o cmTC_cc1d4 -rdynamic 
gmake[1]: Leaving directory `/home/ssicss/workhome/tmp/min-cscope/obj/CMakeFiles/CMakeTmp'

File /home/ssicss/workhome/tmp/min-cscope/obj/CMakeFiles/CMakeTmp/CheckSymbolExists.c:
/* */
#include <signal.h>

int main(int argc, char** argv)
{
  (void)argv;
#ifndef SIGHUP
  return ((int*)(&SIGHUP))[argc];
#else
  (void)argc;
  return 0;
#endif
}

Determining if the SIGHUP exist passed with the following output:
Change Dir: /home/ssicss/workhome/tmp/min-cscope/obj/CMakeFiles/CMakeTmp

Run Build Command:"/usr/bin/gmake" "cmTC_99b3c/fast"
/usr/bin/gmake -f CMakeFiles/cmTC_99b3c.dir/build.make CMakeFiles/cmTC_99b3c.dir/build
gmake[1]: Entering directory `/home/ssicss/workhome/tmp/min-cscope/obj/CMakeFiles/CMakeTmp'
Building C object CMakeFiles/cmTC_99b3c.dir/CheckSymbolExists.c.o
/usr/bin/cc    -o CMakeFiles/cmTC_99b3c.dir/CheckSymbolExists.c.o   -c /home/ssicss/workhome/tmp/min-cscope/obj/CMakeFiles/CMakeTmp/CheckSymbolExists.c
Linking C executable cmTC_99b3c
/home/ssicss/workhome/tmp/cmake-3.3.0-rc3/bin/cmake -E cmake_link_script CMakeFiles/cmTC_99b3c.dir/link.txt --verbose=1
/usr/bin/cc       CMakeFiles/cmTC_99b3c.dir/CheckSymbolExists.c.o  -o cmTC_99b3c -rdynamic 
gmake[1]: Leaving directory `/home/ssicss/workhome/tmp/min-cscope/obj/CMakeFiles/CMakeTmp'

File /home/ssicss/workhome/tmp/min-cscope/obj/CMakeFiles/CMakeTmp/CheckSymbolExists.c:
/* */
#include <signal.h>

int main(int argc, char** argv)
{
  (void)argv;
#ifndef SIGHUP
  return ((int*)(&SIGHUP))[argc];
#else
  (void)argc;
  return 0;
#endif
}

Determining if the SIGHUP exist passed with the following output:
Change Dir: /home/ssicss/workhome/tmp/min-cscope/obj/CMakeFiles/CMakeTmp

Run Build Command:"/usr/bin/gmake" "cmTC_270cf/fast"
/usr/bin/gmake -f CMakeFiles/cmTC_270cf.dir/build.make CMakeFiles/cmTC_270cf.dir/build
gmake[1]: Entering directory `/home/ssicss/workhome/tmp/min-cscope/obj/CMakeFiles/CMakeTmp'
Building C object CMakeFiles/cmTC_270cf.dir/CheckSymbolExists.c.o
/usr/bin/cc    -o CMakeFiles/cmTC_270cf.dir/CheckSymbolExists.c.o   -c /home/ssicss/workhome/tmp/min-cscope/obj/CMakeFiles/CMakeTmp/CheckSymbolExists.c
Linking C executable cmTC_270cf
/home/ssicss/workhome/tmp/cmake-3.3.0-rc3/bin/cmake -E cmake_link_script CMakeFiles/cmTC_270cf.dir/link.txt --verbose=1
/usr/bin/cc       CMakeFiles/cmTC_270cf.dir/CheckSymbolExists.c.o  -o cmTC_270cf -rdynamic 
gmake[1]: Leaving directory `/home/ssicss/workhome/tmp/min-cscope/obj/CMakeFiles/CMakeTmp'

File /home/ssicss/workhome/tmp/min-cscope/obj/CMakeFiles/CMakeTmp/CheckSymbolExists.c:
/* */
#include <signal.h>

int main(int argc, char** argv)
{
  (void)argv;
#ifndef SIGHUP
  return ((int*)(&SIGHUP))[argc];
#else
  (void)argc;
  return 0;
#endif
}

Determining if the F_DUPFD exist passed with the following output:
Change Dir: /home/ssicss/workhome/tmp/min-cscope/obj/CMakeFiles/CMakeTmp

Run Build Command:"/usr/bin/gmake" "cmTC_90db0/fast"
/usr/bin/gmake -f CMakeFiles/cmTC_90db0.dir/build.make CMakeFiles/cmTC_90db0.dir/build
gmake[1]: Entering directory `/home/ssicss/workhome/tmp/min-cscope/obj/CMakeFiles/CMakeTmp'
Building C object CMakeFiles/cmTC_90db0.dir/CheckSymbolExists.c.o
/usr/bin/cc    -o CMakeFiles/cmTC_90db0.dir/CheckSymbolExists.c.o   -c /home/ssicss/workhome/tmp/min-cscope/obj/CMakeFiles/CMakeTmp/CheckSymbolExists.c
Linking C executable cmTC_90db0
/home/ssicss/workhome/tmp/cmake-3.3.0-rc3/bin/cmake -E cmake_link_script CMakeFiles/cmTC_90db0.dir/link.txt --verbose=1
/usr/bin/cc       CMakeFiles/cmTC_90db0.dir/CheckSymbolExists.c.o  -o cmTC_90db0 -rdynamic 
gmake[1]: Leaving directory `/home/ssicss/workhome/tmp/min-cscope/obj/CMakeFiles/CMakeTmp'

File /home/ssicss/workhome/tmp/min-cscope/obj/CMakeFiles/CMakeTmp/CheckSymbolExists.c:
/* */
#include <fcntl.h>

int main(int argc, char** argv)
{
  (void)argv;
#ifndef F_DUPFD
  return ((int*)(&F_DUPFD))[argc];
#else
  (void)argc;
  return 0;
#endif
}

